<?xml version="1.0" encoding="UTF-8"?>
<!-- Generated by org.testng.reporters.JUnitXMLReporter -->
<testsuite ignored="0" hostname="RPSPLDP1-60" failures="1" tests="3" name="Test" time="0.084" errors="0" timestamp="11 Feb 2019 09:02:40 GMT">
  <testcase classname="mavenTest.seconds" name="show" time="0.007"/>
  <testcase classname="mavenTest.FirstClass" name="openBrowser" time="0.05">
    <failure type="java.lang.NoSuchMethodError" message="com.google.common.base.Preconditions.checkState(ZLjava/lang/String;Ljava/lang/Object;Ljava/lang/Object;Ljava/lang/Object;)V">
      <![CDATA[java.lang.NoSuchMethodError: com.google.common.base.Preconditions.checkState(ZLjava/lang/String;Ljava/lang/Object;Ljava/lang/Object;Ljava/lang/Object;)V
at org.openqa.selenium.remote.service.DriverService.findExecutable(DriverService.java:124)
at org.openqa.selenium.chrome.ChromeDriverService.access$000(ChromeDriverService.java:32)
at org.openqa.selenium.chrome.ChromeDriverService$Builder.findDefaultExecutable(ChromeDriverService.java:137)
at org.openqa.selenium.remote.service.DriverService$Builder.build(DriverService.java:339)
at org.openqa.selenium.chrome.ChromeDriverService.createDefaultService(ChromeDriverService.java:88)
at org.openqa.selenium.chrome.ChromeDriver.<init>(ChromeDriver.java:123)
at mavenTest.FirstClass.openBrowser(FirstClass.java:14)
... Removed 25 stack frames]]>
    </failure>
  </testcase> <!-- openBrowser -->
  <testcase classname="mavenTest.FirstClass" name="closebrowser" time="0.001"/>
</testsuite> <!-- Test -->
