<?xml version="1.0" encoding="UTF-8"?>
<testng-results total="1" passed="1" failed="0" skipped="0">
  <reporter-output>
  </reporter-output>
  <suite started-at="2020-03-17T10:05:59Z" name="Default suite" finished-at="2020-03-17T10:07:24Z" duration-ms="84723">
    <groups>
    </groups>
    <test started-at="2020-03-17T10:05:59Z" name="Default test" finished-at="2020-03-17T10:07:24Z" duration-ms="84723">
      <class name="TriseptClass">
        <test-method is-config="true" signature="beforeTest()[pri:0, instance:TriseptClass@7c9d8e2]" started-at="2020-03-17T15:35:59Z" name="beforeTest" finished-at="2020-03-17T15:36:23Z" duration-ms="24020" status="PASS">
          <reporter-output>
          </reporter-output>
        </test-method> <!-- beforeTest -->
        <test-method signature="RecommendedDropdown()[pri:0, instance:TriseptClass@7c9d8e2]" started-at="2020-03-17T15:36:23Z" name="RecommendedDropdown" finished-at="2020-03-17T15:37:20Z" duration-ms="56355" status="PASS">
          <reporter-output>
          </reporter-output>
        </test-method> <!-- RecommendedDropdown -->
        <test-method is-config="true" signature="AfterTest()[pri:0, instance:TriseptClass@7c9d8e2]" started-at="2020-03-17T15:37:20Z" name="AfterTest" finished-at="2020-03-17T15:37:24Z" duration-ms="4334" status="PASS">
          <reporter-output>
          </reporter-output>
        </test-method> <!-- AfterTest -->
      </class> <!-- TriseptClass -->
    </test> <!-- Default test -->
  </suite> <!-- Default suite -->
</testng-results>
