<?xml version="1.0" encoding="UTF-8"?>
<testng-results total="3" passed="3" failed="0" skipped="0">
  <reporter-output>
  </reporter-output>
  <suite started-at="2019-06-25T10:57:59Z" name="Suite" finished-at="2019-06-25T10:58:00Z" duration-ms="13">
    <groups>
    </groups>
    <test started-at="2019-06-25T10:57:59Z" name="Test" finished-at="2019-06-25T10:58:00Z" duration-ms="13">
      <class name="mavenTest.FirstClass">
        <test-method signature="openBrowser()[pri:0, instance:mavenTest.FirstClass@47af7f3d]" started-at="2019-06-25T16:28:00Z" name="openBrowser" finished-at="2019-06-25T16:28:00Z" duration-ms="0" status="PASS">
          <reporter-output>
          </reporter-output>
        </test-method> <!-- openBrowser -->
        <test-method signature="closebrowser()[pri:0, instance:mavenTest.FirstClass@47af7f3d]" started-at="2019-06-25T16:28:00Z" name="closebrowser" finished-at="2019-06-25T16:28:00Z" duration-ms="0" status="PASS">
          <reporter-output>
          </reporter-output>
        </test-method> <!-- closebrowser -->
      </class> <!-- mavenTest.FirstClass -->
      <class name="mavenTest.seconds">
        <test-method signature="show()[pri:0, instance:mavenTest.seconds@359f7cdf]" started-at="2019-06-25T16:28:00Z" name="show" finished-at="2019-06-25T16:28:00Z" duration-ms="5" status="PASS">
          <reporter-output>
          </reporter-output>
        </test-method> <!-- show -->
      </class> <!-- mavenTest.seconds -->
    </test> <!-- Test -->
  </suite> <!-- Suite -->
</testng-results>
